0:100  0:100  MemLog inited, TSC freq: 2901250070
0:100  0:000  CPU was calibrated with RTC
0:100  0:000  
0:100  0:000  Now is 3.8.2018,  11:59:53 (GMT)
0:100  0:000  Starting Clover revision: 4609 on INSYDE Corp. EFI
0:100  0:000  Build with: [Args: -mc --no-usb -D NO_GRUB_DRIVERS_EMBEDDED -t XCODE8 | -D DISABLE_USB_SUPPORT -D NO_GRUB_DRIVERS_EMBEDDED --conf=/Users/canvas/src/edk2_micky/Conf -D USE_BIOS_BLOCKIO -D USE_LOW_EBDA -a X64 -b RELEASE -t XCODE8 -n 5 | OS: 10.13.6 | XCODE: 9.4.1]
0:100  0:000  SelfDevicePath=PciRoot(0x0)\Pci(0x1D,0x0)\Pci(0x0,0x0)\NVMe(0x1,44-54-B3-71-B6-38-25-00)\HD(1,GPT,71F68EBC-8936-45B8-9AFE-B2EBE91DDF95,0x800,0xC8000) @7C0D0218
0:100  0:000  SelfDirPath = \EFI\CLOVER
0:100  0:000  === [ Get Smbios ] ========================================
0:105  0:004  Type 16 Index = 0
0:105  0:000  Total Memory Slots Count = 2
0:105  0:000  Type 17 Index = 0
0:105  0:000  SmbiosTable.Type17->Speed = 2133MHz
0:105  0:000  SmbiosTable.Type17->Size = 8192MB
0:105  0:000  SmbiosTable.Type17->Bank/Device = BANK 0 ChannelA-DIMM0
0:105  0:000  SmbiosTable.Type17->Vendor = Samsung
0:105  0:000  SmbiosTable.Type17->SerialNumber = 00000000
0:105  0:000  SmbiosTable.Type17->PartNumber = M471A1K43BB0-CPB    
0:105  0:000  Type 17 Index = 1
0:105  0:000  Ignoring insane frequency value 0MHz
0:105  0:000  SmbiosTable.Type17->Speed = 0MHz
0:105  0:000  SmbiosTable.Type17->Size = 0MB
0:105  0:000  SmbiosTable.Type17->Bank/Device = BANK 2 ChannelB-DIMM0
0:105  0:000  SmbiosTable.Type17->Vendor = <null string>
0:105  0:000  SmbiosTable.Type17->SerialNumber = <null string>
0:105  0:000  SmbiosTable.Type17->PartNumber = <null string>
0:105  0:000  Boot status=0
0:105  0:000  Running on: 'TM1604' with board 'TM1604'
0:105  0:000  === [ GetCPUProperties ] ==================================
0:105  0:000  CPU Vendor = 756E6547 Model=806E9
0:105  0:000   The CPU supported SSE4.1
0:105  0:000  BrandString = Intel(R) Core(TM) i7-7500U CPU @ 2.70GHz
0:105  0:000   The CPU supported turbo
0:105  0:000  MSR 0x35               20004
0:105  0:000   TSC/CCC Information Leaf:
0:105  0:000    numerator     : 242
0:105  0:000    denominator   : 2
0:105  0:000   Calibrated ARTFrequency: 23977273
0:105  0:000  MSR 0xE2 before patch 1E008006
0:105  0:000  MSR 0xE2 is locked, PM patches will be turned on
0:105  0:000  MSR 0xCE              0004043D_F1011D00
0:105  0:000  corrected FLEX_RATIO = 0
0:105  0:000  MSR 0x1B0             00000000
0:105  0:000  FSBFrequency = 90 MHz, DMI FSBFrequency = 100 MHz, Corrected FSBFrequency = 100 MHz
0:105  0:000  MaxDiv/MinDiv: 29.0/4
0:105  0:000  Turbo: 35/35/35/35
0:105  0:000  Features: 0xBFEBFBFF
0:105  0:000  Threads: 4
0:105  0:000  Cores: 2
0:105  0:000  FSB: 100 MHz
0:105  0:000  CPU: 2600 MHz
0:105  0:000  TSC: 2600 MHz
0:105  0:000  PIS: 100 MHz
0:105  0:000  ExternalClock: 25 MHz
0:105  0:000  === [ GetDevices ] ========================================
0:105  0:000  PCI (00|00:00.00) : 8086 5904 class=060000
0:105  0:000  PCI (00|00:02.00) : 8086 5916 class=030000
0:105  0:000   - GFX: Model=Intel HD Graphics 620 (Intel)
0:105  0:000  PCI (00|00:14.00) : 8086 9D2F class=0C0330
0:105  0:000  PCI (00|00:15.00) : 8086 9D60 class=118000
0:105  0:000  PCI (00|00:15.01) : 8086 9D61 class=118000
0:105  0:000  PCI (00|00:16.00) : 8086 9D3A class=078000
0:105  0:000  PCI (00|00:17.00) : 8086 9D03 class=010601
0:105  0:000  PCI (00|00:1C.00) : 8086 9D10 class=060400
0:105  0:000  PCI (00|01:00.00) : 10DE 1D12 class=030200
0:105  0:000  PCI (00|00:1C.04) : 8086 9D14 class=060400
0:105  0:000  PCI (00|02:00.00) : 8086 24FD class=028000
0:105  0:000   - WIFI: Vendor=Intel
0:105  0:000  PCI (00|00:1D.00) : 8086 9D18 class=060400
0:105  0:000  PCI (00|03:00.00) : 144D A804 class=010802
0:105  0:000  PCI (00|00:1F.00) : 8086 9D58 class=060100
0:105  0:000  PCI (00|00:1F.02) : 8086 9D21 class=058000
0:105  0:000  PCI (00|00:1F.03) : 8086 9D71 class=040300
0:105  0:000  PCI (00|00:1F.04) : 8086 9D23 class=0C0500
0:105  0:000  === [ GetDefaultSettings ] ================================
0:105  0:000  Clover load options size = 0 bytes
0:110  0:004  EFI\CLOVER\config.plist loaded: Success
0:117  0:006  === [ GetListOfThemes ] ===================================
0:117  0:000  - [00]: SimpleThemeDark
0:118  0:000  === [ Found config plists ] ===============================
0:118  0:000  - config.plist
0:118  0:000  === [ GetEarlyUserSettings ] ==============================
0:118  0:000  timeout set to 3
0:118  0:000  Custom boot CUSTOM_BOOT_DISABLED (0x0)
0:118  0:000  ForceKextsToLoad: 1 requested
0:118  0:000   - [0]: System\Library\Extensions\IONetworkingFamily.kext
0:118  0:000  KextsToPatch: 11 requested
0:118  0:000   - [00]: com.apple.driver.AppleBacklight (change F%uT%04x to F%uTxxxx for AppleBacklightInjector.kext (credit RehabMan)) :: BinPatch :: data len: 9
0:118  0:000   - [01]: com.apple.driver.AppleIntelKBLGraphicsFramebuffer (0x591b0000, 32MB BIOS, 19MB framebuffer 9MB cursor bytes (credit RehabMan)) :: BinPatch :: data len: 8
0:118  0:000   - [02]: com.apple.driver.AppleBacklight (AppleBacklight Patch) - invalid Find/Replace data - skipping!
0:118  0:000   - [03]: com.apple.driver.AppleIntelKBLGraphicsFramebuffer (0x591b0000, 0105 instead of 0306, HDMI) :: BinPatch :: data len: 36
0:118  0:000   - patch disabled at config
0:118  0:000   - [04]: IOGraphicsFamily (10.13+-第二阶段花屏) :: MatchOS: 10.13.x :: BinPatch :: data len: 5
0:118  0:000   - [05]: IOGraphicsFamily (10.12+-第二阶段花屏) :: MatchOS: 10.12.x :: BinPatch :: data len: 5
0:118  0:000   - [06]: com.apple.driver.AppleBacklight (change F%uT%04x to F%uTxxxx for AppleBacklightInjector.kext (credit RehabMan))[ERROR] bin2hex 'RiV1VCUwNHgA' syntax error
0:118  0:000  [ERROR] bin2hex 'RiV1VHh4eHgA' syntax error
0:118  0:000   - invalid Find/Replace data - skipping!
0:118  0:000   - [07]: com.apple.driver.AppleAHCIPort (扩展磁盘图标补丁) :: BinPatch :: data len: 8
0:118  0:000   - [08]: com.apple.driver.usb.AppleUSBXHCI (usb remove limit(10.13.4)) :: MatchOS: 10.13.4 :: BinPatch :: data len: 8
0:118  0:000   - [09]: com.apple.driver.AppleIntelKBLGraphicsFramebuffer (1536MB->2048MB) :: BinPatch :: data len: 16
0:118  0:000   - [10]: com.apple.driver.AppleIntelKBLGraphicsFramebuffer (外接HDMI显示器补丁) :: BinPatch :: data len: 16
0:118  0:000  KernelToPatch: 1 requested
0:118  0:000   - [00]: MSR 0xE2 _xcpm_idle instant reboot(c) Pike R. Alpha :: data len: 8
0:118  0:000  Default theme: random
0:118  0:000  Hiding entries with string Recovery
0:118  0:000  Hiding entries with string Proboot
0:118  0:000  ** Warning: unknown custom entry Type 'Other'
0:118  0:000   Custom EDID is ok
0:118  0:000  === [ LoadDrivers ] =======================================
0:119  0:000  Loading AppleImageCodec-64.efi  status=Success
0:121  0:002  Loading AppleUITheme-64.efi  status=Success
0:123  0:002  Loading DataHubDxe-64.efi  status=Success
0:126  0:002  Loading AppleKeyAggregator-64.efi  status=Success
0:128  0:002  Loading VBoxHfs-64.efi  status=Success
0:130  0:002   - driver needs connecting
0:130  0:000  Loading FSInject-64.efi  status=Success
0:133  0:002  Loading FirmwareVolume-64.efi  status=Success
0:135  0:002  Loading SMCHelper-64.efi  status=Success
0:137  0:002  Loading NvmExpressDxe-64.efi  status=Success
0:140  0:002   - driver needs connecting
0:140  0:000  Loading HFSPlus.efi  status=Success
0:142  0:002   - driver needs connecting
0:142  0:000  Loading GrubEXFAT-64.efi  status=Success
0:145  0:002   - driver needs connecting
0:145  0:000  Loading AptioMemoryFix.efi  status=Success
0:148  0:002  Loading AptioInputFix.efi  status=Success
0:150  0:002  Loading ApfsDriverLoader-64.efi  status=Success
0:153  0:002   - driver needs connecting
0:153  0:000  5 drivers needs connecting ...
0:153  0:000  PlatformDriverOverrideProtocol->GetDriver overriden
0:153  0:000  HFS+ driver loaded
0:153  0:000  APFS driver loaded
0:153  0:000  Searching for invalid DiskIo BY_DRIVER connects: not found, all ok
0:802  0:649  === [ InitScreen ] ========================================
0:802  0:000  SetScreenResolution: 1920x1080 - already set
0:802  0:000  Console modes reported: 7, available modes:
0:802  0:000   - [01]: 80x25
0:802  0:000   - [02]: 80x50
0:802  0:000   - [03]: 80x25
0:802  0:000   - [04]: 240x56 (current mode)
0:802  0:000   - [05]: 100x31
0:802  0:000   - [06]: 128x40
0:802  0:000   - [07]: 160x53
0:802  0:000  SetScreenResolution: 1920x1080 - already set
0:802  0:000  reinit: self device path=PciRoot(0x0)\Pci(0x1D,0x0)\Pci(0x0,0x0)\NVMe(0x1,44-54-B3-71-B6-38-25-00)\HD(1,GPT,71F68EBC-8936-45B8-9AFE-B2EBE91DDF95,0x800,0xC8000)
0:803  0:000  === [ GetMacAddress ] =====================================
0:803  0:000  === [ ScanSPD ] ===========================================
0:803  0:000  SMBus device : 8086 9D23 class=0C0500 status=Success
0:803  0:000  SMBus CmdReg: 0x3
0:803  0:000  Scanning SMBus [8086:9D23], mmio: 0xB422E004, ioport: 0x4040, hostc: 0x11
0:803  0:000  Slots to scan [8]...
0:804  0:001  === [ GetAcpiTablesList ] =================================
0:814  0:009  Get Acpi Tables List from RSDT:
0:814  0:000   - [00]: FACP  XMCC1604 len=268
0:814  0:000   - [01]: SSDT  XMCC1604 len=16983
0:814  0:000   - [02]: MSDM  XMCC1604 len=85
0:814  0:000   - [03]: SSDT  XMCC1604 len=70
0:814  0:000   - [04]: SSDT  XMCC1604 len=12579
0:814  0:000   - [05]: ASPT  XMCC1604 len=52
0:814  0:000   - [06]: DBGP  XMCC1604 len=52
0:814  0:000   - [07]: APIC  XMCC1604 len=300
0:814  0:000   - [08]: LPIT  XMCC1604 len=148
0:814  0:000   - [09]: DBGP  XMCC1604 len=52
0:814  0:000   - [10]: SSDT  XMCC1604 len=2511
0:814  0:000   - [11]: DMAR  XMCC1604 len=240
0:814  0:000   - [12]: BGRT  XMCC1604 len=56
0:814  0:000   - [13]: UEFI  XMCC1604 len=566
0:814  0:000   - [14]: SSDT  XMCC1604 len=1219
0:814  0:000   - [15]: ASF!  XMCC1604 len=165
0:814  0:000   - [16]: HPET  XMCC1604 len=56
0:814  0:000   - [17]: WSMT  XMCC1604 len=40
0:814  0:000   - [18]: SSDT  XMCC1604 len=6062
0:814  0:000   - [19]: FPDT  XMCC1604 len=68
0:814  0:000   - [20]: UEFI  XMCC1604 len=66
0:814  0:000   - [21]: BOOT  XMCC1604 len=40
0:814  0:000   - [22]: DBG2  XMCC1604 len=84
0:814  0:000   - [23]: MCFG  XMCC1604 len=60
0:814  0:000   - [24]: TPM2  XMCC1604 len=52
0:814  0:000   - [25]: SSDT  XMCC1604 len=11240
0:814  0:000  Calibrated TSC Frequency = 2901250070 = 2901MHz
0:814  0:000  === [ GetUserSettings ] ===================================
0:814  0:000   Custom EDID is ok
0:814  0:000  Can't install EdidOverride on ImageHandle
0:814  0:000  Add 1 devices:
0:814  0:000  USB FixOwnership: yes
0:814  0:000  Dropping 3 tables:
0:814  0:000   - [00]: Drop table  signature="SSDT" (54445353) table-id="xh_rvp10" (30317076725F6878)
0:814  0:000           - set table: 54445353, 30317076725F6878 to drop: no
0:814  0:000   - [01]: Drop table  signature="#MCF" (46434D23)
0:814  0:000           - set table: 46434D23,                0 to drop: no
0:814  0:000   - [02]: Drop table  signature="DMAR" (52414D44)
0:814  0:000           - set table: 52414D44,                0 to drop: yes
0:814  0:000   - final DSDT Fix mask=01000010
0:814  0:000  PatchesDSDT: 12 requested
0:814  0:000   - [00]: (change OSID to XSID (to avoid match against _OSI XOSI patch)) lenToFind: 4, lenToReplace: 4, Target Bridge: <null string>
0:814  0:000    patch disabled at config
0:814  0:000   - [01]: (change _OSI to XOSI) lenToFind: 4, lenToReplace: 4, Target Bridge: <null string>
0:814  0:000    patch disabled at config
0:814  0:000   - [02]: (change _DSM to XDSM) lenToFind: 4, lenToReplace: 4, Target Bridge: <null string>
0:814  0:000    patch disabled at config
0:814  0:000   - [03]: (change EC0 to EC) lenToFind: 4, lenToReplace: 4, Target Bridge: <null string>
0:814  0:000    patch disabled at config
0:814  0:000   - [04]: (change H_EC to EC) lenToFind: 4, lenToReplace: 4, Target Bridge: <null string>
0:814  0:000    patch disabled at config
0:814  0:000   - [05]: (change ECDV to EC) lenToFind: 4, lenToReplace: 4, Target Bridge: <null string>
0:814  0:000    patch disabled at config
0:814  0:000   - [06]: (change HDAS to HDEF) lenToFind: 4, lenToReplace: 4, Target Bridge: <null string>
0:814  0:000   - [07]: (change HECI to IMEI) lenToFind: 4, lenToReplace: 4, Target Bridge: <null string>
0:814  0:000   - [08]: (change MEI to IMEI) lenToFind: 4, lenToReplace: 4, Target Bridge: <null string>
0:814  0:000   - [09]: (change GFX0 to IGPU) lenToFind: 4, lenToReplace: 4, Target Bridge: <null string>
0:814  0:000   - [10]: (change PCI0.VID to IGPU #1 (Thinkpad)) lenToFind: 8, lenToReplace: 8, Target Bridge: <null string>
0:814  0:000   - [11]: (change PCI0.VID to IGPU #2 (Thinkpad)) lenToFind: 14, lenToReplace: 14, Target Bridge: <null string>
0:814  0:000  PluginType: 1
0:814  0:000  Using ProductName from config: MacBookPro14,1
0:814  0:000  Using latest BiosVersion from clover
0:814  0:000  BiosVersion: MBP141.88Z.0178.B00.1806260902
0:814  0:000  BiosReleaseDate: 06/26/2018
0:814  0:000  Using FirmwareFeatures from config: 0xFC0FE136
0:814  0:000  Using FirmwareFeaturesMask from config: 0xFF1FFF3F
0:814  0:000  Board-ID set from config as Mac-B4831CEBD52A0C4C
0:814  0:000  BoardType: 0xA
0:814  0:000  ChassisType: 0x9
0:814  0:000  BusSpeed: 997600kHz
0:814  0:000  Converted CustomUUID 3C674884-7E23-4A4C-AA1E-2272C3BBE965
0:814  0:000  === [ Found DSDT tables ] =================================
0:815  0:000  - DSDT.aml
2:139  1:324  === [ ScanVolumes ] =======================================
2:139  0:000  Found 12 volumes with blockIO
2:139  0:000  - [00]: Volume: PciRoot(0x0)\Pci(0x17,0x0)\Sata(0x0,0x0,0x0)
2:143  0:004  - [01]: Volume: PciRoot(0x0)\Pci(0x17,0x0)\Sata(0x0,0x0,0x0)\HD(1,GPT,C6FBE8D0-2452-4D20-AD67-307C3BBED5DF,0x800,0x64000)
2:143  0:000          Result of bootcode detection: bootable unknown (legacy)
2:148  0:004  - [02]: Volume: PciRoot(0x0)\Pci(0x17,0x0)\Sata(0x0,0x0,0x0)\HD(2,GPT,CE86B5E9-6DE8-41DC-ABAB-BCE605C94804,0x64800,0x200000)
2:148  0:000          Result of bootcode detection: bootable unknown (legacy)
2:148  0:000  - [03]: Volume: PciRoot(0x0)\Pci(0x17,0x0)\Sata(0x0,0x0,0x0)\HD(3,GPT,6A87ADC8-A581-45E6-A9D6-9CAC181857C9,0x264800,0x1DA8E800)
2:148  0:000  - [04]: Volume: PciRoot(0x0)\Pci(0x1D,0x0)\Pci(0x0,0x0)\NVMe(0x1,44-54-B3-71-B6-38-25-00)
2:148  0:000  - [05]: Volume: PciRoot(0x0)\Pci(0x1D,0x0)\Pci(0x0,0x0)\NVMe(0x1,44-54-B3-71-B6-38-25-00)\HD(1,GPT,71F68EBC-8936-45B8-9AFE-B2EBE91DDF95,0x800,0xC8000)
2:148  0:000          Result of bootcode detection: bootable Windows (vista,win)
2:152  0:003          This is SelfVolume !!
2:152  0:000  - [06]: Volume: PciRoot(0x0)\Pci(0x1D,0x0)\Pci(0x0,0x0)\NVMe(0x1,44-54-B3-71-B6-38-25-00)\HD(2,GPT,3FF6C7E9-6186-4B63-A4FF-6DCAFF7F05A5,0xC8800,0x12C00800)
2:152  0:000          Result of bootcode detection: bootable unknown (legacy)
2:153  0:000  - [07]: Volume: PciRoot(0x0)\Pci(0x1D,0x0)\Pci(0x0,0x0)\NVMe(0x1,44-54-B3-71-B6-38-25-00)\HD(3,GPT,05357361-38AE-4D23-99D2-ED4A76D80F7C,0x12CC9000,0xB02A000)
2:153  0:000          Result of bootcode detection: bootable Windows (vista,win)
2:153  0:000  - [08]: Volume: PciRoot(0x0)\Pci(0x1D,0x0)\Pci(0x0,0x0)\NVMe(0x1,44-54-B3-71-B6-38-25-00)\HD(2,GPT,3FF6C7E9-6186-4B63-A4FF-6DCAFF7F05A5,0xC8800,0x12C00800)\VenMedia(BE74FCF7-0B7C-49F3-9147-01F4042E6842,619E215E3B160447AB93DC2C00BD06BF)
2:153  0:000  - [09]: Volume: PciRoot(0x0)\Pci(0x1D,0x0)\Pci(0x0,0x0)\NVMe(0x1,44-54-B3-71-B6-38-25-00)\HD(2,GPT,3FF6C7E9-6186-4B63-A4FF-6DCAFF7F05A5,0xC8800,0x12C00800)\VenMedia(BE74FCF7-0B7C-49F3-9147-01F4042E6842,DB5CD8C8D205194889525F0D3C4FDEF4)
2:153  0:000  - [10]: Volume: PciRoot(0x0)\Pci(0x1D,0x0)\Pci(0x0,0x0)\NVMe(0x1,44-54-B3-71-B6-38-25-00)\HD(2,GPT,3FF6C7E9-6186-4B63-A4FF-6DCAFF7F05A5,0xC8800,0x12C00800)\VenMedia(BE74FCF7-0B7C-49F3-9147-01F4042E6842,B356F729A0C73845ABA47B6F2F24B9EC)
2:153  0:000          hiding this volume
2:153  0:000  - [11]: Volume: PciRoot(0x0)\Pci(0x1D,0x0)\Pci(0x0,0x0)\NVMe(0x1,44-54-B3-71-B6-38-25-00)\HD(2,GPT,3FF6C7E9-6186-4B63-A4FF-6DCAFF7F05A5,0xC8800,0x12C00800)\VenMedia(BE74FCF7-0B7C-49F3-9147-01F4042E6842,34B961395553164BA5C0DBCABE312D00)
2:153  0:000  === [ InitTheme ] =========================================
2:163  0:009  Using theme 'SimpleThemeDark' (EFI\CLOVER\themes\SimpleThemeDark)
2:163  0:000  OS main and drive as badge
2:166  0:003  Loading font from ThemeDir: Success
2:167  0:000  Chosen theme random
2:167  0:000  found boot-args in NVRAM:, size=1
2:167  0:000  after NVRAM boot-args=dart=0 -igfxbeta igfxfw=1 -igfxdvmtbeta abm_firstpolldelay=10000 arch=x86_64 npci=0x2000 -disablegfxfirmware
2:167  0:000  === [ Dump SMC keys from NVRAM ] ==========================
2:167  0:000  found AppleSMC protocol
2:193  0:026  Registered 17 SMC keys
2:193  0:000  === [ AddCustomEntries ] ==================================
2:193  0:000  Custom entry 0 skipped because it is disabled.
2:193  0:000  Custom entry 1 FullTitle:"macOS" Path:"\System\Library\CoreServices\boot.efi" Type:1 Flags:0x2 matching Volume:"3FF6C7E9-6186-4B63-A4FF-6DCAFF7F05A5"
2:193  0:000      Checking volume "EFI" (PciRoot(0x0)\Pci(0x17,0x0)\Sata(0x0,0x0,0x0)\HD(1,GPT,C6FBE8D0-2452-4D20-AD67-307C3BBED5DF,0x800,0x64000)) ... skipped
2:193  0:000      Checking volume "ESP" (PciRoot(0x0)\Pci(0x1D,0x0)\Pci(0x0,0x0)\NVMe(0x1,44-54-B3-71-B6-38-25-00)\HD(1,GPT,71F68EBC-8936-45B8-9AFE-B2EBE91DDF95,0x800,0xC8000)) ... skipped
2:193  0:000      Checking volume "Preboot" (PciRoot(0x0)\Pci(0x1D,0x0)\Pci(0x0,0x0)\NVMe(0x1,44-54-B3-71-B6-38-25-00)\HD(2,GPT,3FF6C7E9-6186-4B63-A4FF-6DCAFF7F05A5,0xC8800,0x12C00800)\VenMedia(BE74FCF7-0B7C-49F3-9147-01F4042E6842,619E215E3B160447AB93DC2C00BD06BF)) ... skipped because path does not exist
2:193  0:000      Checking volume "Macintosh" (PciRoot(0x0)\Pci(0x1D,0x0)\Pci(0x0,0x0)\NVMe(0x1,44-54-B3-71-B6-38-25-00)\HD(2,GPT,3FF6C7E9-6186-4B63-A4FF-6DCAFF7F05A5,0xC8800,0x12C00800)\VenMedia(BE74FCF7-0B7C-49F3-9147-01F4042E6842,DB5CD8C8D205194889525F0D3C4FDEF4)) ... match!
2:198  0:005      hibernated: set as never
2:199  0:001  Custom settings: <null string>.plist will  be applied
2:200  0:000      Checking volume "Recovery" (PciRoot(0x0)\Pci(0x1D,0x0)\Pci(0x0,0x0)\NVMe(0x1,44-54-B3-71-B6-38-25-00)\HD(2,GPT,3FF6C7E9-6186-4B63-A4FF-6DCAFF7F05A5,0xC8800,0x12C00800)\VenMedia(BE74FCF7-0B7C-49F3-9147-01F4042E6842,B356F729A0C73845ABA47B6F2F24B9EC)) ... skipped because volume is hidden
2:200  0:000      Checking volume "VM" (PciRoot(0x0)\Pci(0x1D,0x0)\Pci(0x0,0x0)\NVMe(0x1,44-54-B3-71-B6-38-25-00)\HD(2,GPT,3FF6C7E9-6186-4B63-A4FF-6DCAFF7F05A5,0xC8800,0x12C00800)\VenMedia(BE74FCF7-0B7C-49F3-9147-01F4042E6842,34B961395553164BA5C0DBCABE312D00)) ... skipped because path does not exist
2:200  0:000  Custom entry 2 FullTitle:"Linux" Path:"\EFI\centos\grubx64.efi" Type:4 Flags:0x0 matching Volume:"3FF6C7E9-6186-4B63-A4FF-6DCAFF7F05A5"
2:200  0:000      Checking volume "EFI" (PciRoot(0x0)\Pci(0x17,0x0)\Sata(0x0,0x0,0x0)\HD(1,GPT,C6FBE8D0-2452-4D20-AD67-307C3BBED5DF,0x800,0x64000)) ... skipped
2:200  0:000      Checking volume "ESP" (PciRoot(0x0)\Pci(0x1D,0x0)\Pci(0x0,0x0)\NVMe(0x1,44-54-B3-71-B6-38-25-00)\HD(1,GPT,71F68EBC-8936-45B8-9AFE-B2EBE91DDF95,0x800,0xC8000)) ... skipped
2:200  0:000      Checking volume "Preboot" (PciRoot(0x0)\Pci(0x1D,0x0)\Pci(0x0,0x0)\NVMe(0x1,44-54-B3-71-B6-38-25-00)\HD(2,GPT,3FF6C7E9-6186-4B63-A4FF-6DCAFF7F05A5,0xC8800,0x12C00800)\VenMedia(BE74FCF7-0B7C-49F3-9147-01F4042E6842,619E215E3B160447AB93DC2C00BD06BF)) ... skipped because path does not exist
2:200  0:000      Checking volume "Macintosh" (PciRoot(0x0)\Pci(0x1D,0x0)\Pci(0x0,0x0)\NVMe(0x1,44-54-B3-71-B6-38-25-00)\HD(2,GPT,3FF6C7E9-6186-4B63-A4FF-6DCAFF7F05A5,0xC8800,0x12C00800)\VenMedia(BE74FCF7-0B7C-49F3-9147-01F4042E6842,DB5CD8C8D205194889525F0D3C4FDEF4)) ... skipped because path does not exist
2:200  0:000      Checking volume "Recovery" (PciRoot(0x0)\Pci(0x1D,0x0)\Pci(0x0,0x0)\NVMe(0x1,44-54-B3-71-B6-38-25-00)\HD(2,GPT,3FF6C7E9-6186-4B63-A4FF-6DCAFF7F05A5,0xC8800,0x12C00800)\VenMedia(BE74FCF7-0B7C-49F3-9147-01F4042E6842,B356F729A0C73845ABA47B6F2F24B9EC)) ... skipped because volume is hidden
2:200  0:000      Checking volume "VM" (PciRoot(0x0)\Pci(0x1D,0x0)\Pci(0x0,0x0)\NVMe(0x1,44-54-B3-71-B6-38-25-00)\HD(2,GPT,3FF6C7E9-6186-4B63-A4FF-6DCAFF7F05A5,0xC8800,0x12C00800)\VenMedia(BE74FCF7-0B7C-49F3-9147-01F4042E6842,34B961395553164BA5C0DBCABE312D00)) ... skipped because path does not exist
2:200  0:000  Custom entry 3 FullTitle:"Windows" Path:"\EFI\Microsoft\Boot\bootmgfw.efi" Options:"-s -h" Type:7 Flags:0x0 matching Volume:"71F68EBC-8936-45B8-9AFE-B2EBE91DDF95"
2:200  0:000      Checking volume "EFI" (PciRoot(0x0)\Pci(0x17,0x0)\Sata(0x0,0x0,0x0)\HD(1,GPT,C6FBE8D0-2452-4D20-AD67-307C3BBED5DF,0x800,0x64000)) ... skipped
2:200  0:000      Checking volume "ESP" (PciRoot(0x0)\Pci(0x1D,0x0)\Pci(0x0,0x0)\NVMe(0x1,44-54-B3-71-B6-38-25-00)\HD(1,GPT,71F68EBC-8936-45B8-9AFE-B2EBE91DDF95,0x800,0xC8000)) ... match!
2:202  0:002  Custom settings: <null string>.plist will  be applied
2:202  0:000      Checking volume "Preboot" (PciRoot(0x0)\Pci(0x1D,0x0)\Pci(0x0,0x0)\NVMe(0x1,44-54-B3-71-B6-38-25-00)\HD(2,GPT,3FF6C7E9-6186-4B63-A4FF-6DCAFF7F05A5,0xC8800,0x12C00800)\VenMedia(BE74FCF7-0B7C-49F3-9147-01F4042E6842,619E215E3B160447AB93DC2C00BD06BF)) ... skipped
2:202  0:000      Checking volume "Macintosh" (PciRoot(0x0)\Pci(0x1D,0x0)\Pci(0x0,0x0)\NVMe(0x1,44-54-B3-71-B6-38-25-00)\HD(2,GPT,3FF6C7E9-6186-4B63-A4FF-6DCAFF7F05A5,0xC8800,0x12C00800)\VenMedia(BE74FCF7-0B7C-49F3-9147-01F4042E6842,DB5CD8C8D205194889525F0D3C4FDEF4)) ... skipped
2:203  0:000      Checking volume "Recovery" (PciRoot(0x0)\Pci(0x1D,0x0)\Pci(0x0,0x0)\NVMe(0x1,44-54-B3-71-B6-38-25-00)\HD(2,GPT,3FF6C7E9-6186-4B63-A4FF-6DCAFF7F05A5,0xC8800,0x12C00800)\VenMedia(BE74FCF7-0B7C-49F3-9147-01F4042E6842,B356F729A0C73845ABA47B6F2F24B9EC)) ... skipped because volume is hidden
2:203  0:000      Checking volume "VM" (PciRoot(0x0)\Pci(0x1D,0x0)\Pci(0x0,0x0)\NVMe(0x1,44-54-B3-71-B6-38-25-00)\HD(2,GPT,3FF6C7E9-6186-4B63-A4FF-6DCAFF7F05A5,0xC8800,0x12C00800)\VenMedia(BE74FCF7-0B7C-49F3-9147-01F4042E6842,34B961395553164BA5C0DBCABE312D00)) ... skipped
2:203  0:000  Entry scan disabled
2:203  0:000  === [ AddCustomTool ] =====================================
2:204  0:001  === [ GetEfiBootDeviceFromNvram ] =========================
2:204  0:000   - found entry 0. 'macOS', Volume 'Macintosh', DevicePath 'PciRoot(0x0)\Pci(0x1D,0x0)\Pci(0x0,0x0)\NVMe(0x1,44-54-B3-71-B6-38-25-00)\HD(2,GPT,3FF6C7E9-6186-4B63-A4FF-6DCAFF7F05A5,0xC8800,0x12C00800)\VenMedia(BE74FCF7-0B7C-49F3-9147-01F4042E6842,DB5CD8C8D205194889525F0D3C4FDEF4)\System\Library\CoreServices\boot.efii'
2:204  0:000  DefaultIndex=0 and MainMenu.EntryCount=6
2:282  0:078  GUI ready
21:870  19:587  ReinitSelfLib after theme change
21:870  0:000  reinit: self device path=PciRoot(0x0)\Pci(0x1D,0x0)\Pci(0x0,0x0)\NVMe(0x1,44-54-B3-71-B6-38-25-00)\HD(1,GPT,71F68EBC-8936-45B8-9AFE-B2EBE91DDF95,0x800,0xC8000)
21:870  0:000  === [ ScanVolumes ] =======================================
21:870  0:000  Found 12 volumes with blockIO
21:870  0:000  - [00]: Volume: PciRoot(0x0)\Pci(0x17,0x0)\Sata(0x0,0x0,0x0)
21:870  0:000  - [01]: Volume: PciRoot(0x0)\Pci(0x17,0x0)\Sata(0x0,0x0,0x0)\HD(1,GPT,C6FBE8D0-2452-4D20-AD67-307C3BBED5DF,0x800,0x64000)
21:870  0:000          Result of bootcode detection: bootable unknown (legacy)
21:870  0:000  - [02]: Volume: PciRoot(0x0)\Pci(0x17,0x0)\Sata(0x0,0x0,0x0)\HD(2,GPT,CE86B5E9-6DE8-41DC-ABAB-BCE605C94804,0x64800,0x200000)
21:870  0:000          Result of bootcode detection: bootable unknown (legacy)
21:871  0:000  - [03]: Volume: PciRoot(0x0)\Pci(0x17,0x0)\Sata(0x0,0x0,0x0)\HD(3,GPT,6A87ADC8-A581-45E6-A9D6-9CAC181857C9,0x264800,0x1DA8E800)
21:871  0:000  - [04]: Volume: PciRoot(0x0)\Pci(0x1D,0x0)\Pci(0x0,0x0)\NVMe(0x1,44-54-B3-71-B6-38-25-00)
21:871  0:000  - [05]: Volume: PciRoot(0x0)\Pci(0x1D,0x0)\Pci(0x0,0x0)\NVMe(0x1,44-54-B3-71-B6-38-25-00)\HD(1,GPT,71F68EBC-8936-45B8-9AFE-B2EBE91DDF95,0x800,0xC8000)
21:871  0:000          Result of bootcode detection: bootable Windows (vista,win)
21:871  0:000          This is SelfVolume !!
21:871  0:000  - [06]: Volume: PciRoot(0x0)\Pci(0x1D,0x0)\Pci(0x0,0x0)\NVMe(0x1,44-54-B3-71-B6-38-25-00)\HD(2,GPT,3FF6C7E9-6186-4B63-A4FF-6DCAFF7F05A5,0xC8800,0x12C00800)
21:871  0:000          Result of bootcode detection: bootable unknown (legacy)
21:871  0:000  - [07]: Volume: PciRoot(0x0)\Pci(0x1D,0x0)\Pci(0x0,0x0)\NVMe(0x1,44-54-B3-71-B6-38-25-00)\HD(3,GPT,05357361-38AE-4D23-99D2-ED4A76D80F7C,0x12CC9000,0xB02A000)
21:871  0:000          Result of bootcode detection: bootable Windows (vista,win)
21:871  0:000  - [08]: Volume: PciRoot(0x0)\Pci(0x1D,0x0)\Pci(0x0,0x0)\NVMe(0x1,44-54-B3-71-B6-38-25-00)\HD(2,GPT,3FF6C7E9-6186-4B63-A4FF-6DCAFF7F05A5,0xC8800,0x12C00800)\VenMedia(BE74FCF7-0B7C-49F3-9147-01F4042E6842,619E215E3B160447AB93DC2C00BD06BF)
21:871  0:000  - [09]: Volume: PciRoot(0x0)\Pci(0x1D,0x0)\Pci(0x0,0x0)\NVMe(0x1,44-54-B3-71-B6-38-25-00)\HD(2,GPT,3FF6C7E9-6186-4B63-A4FF-6DCAFF7F05A5,0xC8800,0x12C00800)\VenMedia(BE74FCF7-0B7C-49F3-9147-01F4042E6842,DB5CD8C8D205194889525F0D3C4FDEF4)
21:872  0:000  - [10]: Volume: PciRoot(0x0)\Pci(0x1D,0x0)\Pci(0x0,0x0)\NVMe(0x1,44-54-B3-71-B6-38-25-00)\HD(2,GPT,3FF6C7E9-6186-4B63-A4FF-6DCAFF7F05A5,0xC8800,0x12C00800)\VenMedia(BE74FCF7-0B7C-49F3-9147-01F4042E6842,B356F729A0C73845ABA47B6F2F24B9EC)
21:872  0:000          hiding this volume
21:872  0:000  - [11]: Volume: PciRoot(0x0)\Pci(0x1D,0x0)\Pci(0x0,0x0)\NVMe(0x1,44-54-B3-71-B6-38-25-00)\HD(2,GPT,3FF6C7E9-6186-4B63-A4FF-6DCAFF7F05A5,0xC8800,0x12C00800)\VenMedia(BE74FCF7-0B7C-49F3-9147-01F4042E6842,34B961395553164BA5C0DBCABE312D00)
21:872  0:000  Chosen theme random
21:872  0:000  found boot-args in NVRAM:, size=1
21:872  0:000  after NVRAM boot-args=dart=0 -igfxbeta igfxfw=1 -igfxdvmtbeta abm_firstpolldelay=10000 arch=x86_64 npci=0x2000 -disablegfxfirmware
21:872  0:000  === [ AddCustomEntries ] ==================================
21:872  0:000  Custom entry 0 skipped because it is disabled.
21:872  0:000  Custom entry 1 FullTitle:"macOS" Path:"\System\Library\CoreServices\boot.efi" Type:1 Flags:0x2 matching Volume:"3FF6C7E9-6186-4B63-A4FF-6DCAFF7F05A5"
21:872  0:000      Checking volume "EFI" (PciRoot(0x0)\Pci(0x17,0x0)\Sata(0x0,0x0,0x0)\HD(1,GPT,C6FBE8D0-2452-4D20-AD67-307C3BBED5DF,0x800,0x64000)) ... skipped
21:872  0:000      Checking volume "ESP" (PciRoot(0x0)\Pci(0x1D,0x0)\Pci(0x0,0x0)\NVMe(0x1,44-54-B3-71-B6-38-25-00)\HD(1,GPT,71F68EBC-8936-45B8-9AFE-B2EBE91DDF95,0x800,0xC8000)) ... skipped
21:872  0:000      Checking volume "Preboot" (PciRoot(0x0)\Pci(0x1D,0x0)\Pci(0x0,0x0)\NVMe(0x1,44-54-B3-71-B6-38-25-00)\HD(2,GPT,3FF6C7E9-6186-4B63-A4FF-6DCAFF7F05A5,0xC8800,0x12C00800)\VenMedia(BE74FCF7-0B7C-49F3-9147-01F4042E6842,619E215E3B160447AB93DC2C00BD06BF)) ... skipped because path does not exist
21:872  0:000      Checking volume "Macintosh" (PciRoot(0x0)\Pci(0x1D,0x0)\Pci(0x0,0x0)\NVMe(0x1,44-54-B3-71-B6-38-25-00)\HD(2,GPT,3FF6C7E9-6186-4B63-A4FF-6DCAFF7F05A5,0xC8800,0x12C00800)\VenMedia(BE74FCF7-0B7C-49F3-9147-01F4042E6842,DB5CD8C8D205194889525F0D3C4FDEF4)) ... match!
21:873  0:001      hibernated: set as never
21:874  0:000  Custom settings: <null string>.plist will  be applied
21:875  0:000      Checking volume "Recovery" (PciRoot(0x0)\Pci(0x1D,0x0)\Pci(0x0,0x0)\NVMe(0x1,44-54-B3-71-B6-38-25-00)\HD(2,GPT,3FF6C7E9-6186-4B63-A4FF-6DCAFF7F05A5,0xC8800,0x12C00800)\VenMedia(BE74FCF7-0B7C-49F3-9147-01F4042E6842,B356F729A0C73845ABA47B6F2F24B9EC)) ... skipped because volume is hidden
21:875  0:000      Checking volume "VM" (PciRoot(0x0)\Pci(0x1D,0x0)\Pci(0x0,0x0)\NVMe(0x1,44-54-B3-71-B6-38-25-00)\HD(2,GPT,3FF6C7E9-6186-4B63-A4FF-6DCAFF7F05A5,0xC8800,0x12C00800)\VenMedia(BE74FCF7-0B7C-49F3-9147-01F4042E6842,34B961395553164BA5C0DBCABE312D00)) ... skipped because path does not exist
21:875  0:000  Custom entry 2 FullTitle:"Linux" Path:"\EFI\centos\grubx64.efi" Type:4 Flags:0x0 matching Volume:"3FF6C7E9-6186-4B63-A4FF-6DCAFF7F05A5"
21:875  0:000      Checking volume "EFI" (PciRoot(0x0)\Pci(0x17,0x0)\Sata(0x0,0x0,0x0)\HD(1,GPT,C6FBE8D0-2452-4D20-AD67-307C3BBED5DF,0x800,0x64000)) ... skipped
21:875  0:000      Checking volume "ESP" (PciRoot(0x0)\Pci(0x1D,0x0)\Pci(0x0,0x0)\NVMe(0x1,44-54-B3-71-B6-38-25-00)\HD(1,GPT,71F68EBC-8936-45B8-9AFE-B2EBE91DDF95,0x800,0xC8000)) ... skipped
21:875  0:000      Checking volume "Preboot" (PciRoot(0x0)\Pci(0x1D,0x0)\Pci(0x0,0x0)\NVMe(0x1,44-54-B3-71-B6-38-25-00)\HD(2,GPT,3FF6C7E9-6186-4B63-A4FF-6DCAFF7F05A5,0xC8800,0x12C00800)\VenMedia(BE74FCF7-0B7C-49F3-9147-01F4042E6842,619E215E3B160447AB93DC2C00BD06BF)) ... skipped because path does not exist
21:875  0:000      Checking volume "Macintosh" (PciRoot(0x0)\Pci(0x1D,0x0)\Pci(0x0,0x0)\NVMe(0x1,44-54-B3-71-B6-38-25-00)\HD(2,GPT,3FF6C7E9-6186-4B63-A4FF-6DCAFF7F05A5,0xC8800,0x12C00800)\VenMedia(BE74FCF7-0B7C-49F3-9147-01F4042E6842,DB5CD8C8D205194889525F0D3C4FDEF4)) ... skipped because path does not exist
21:875  0:000      Checking volume "Recovery" (PciRoot(0x0)\Pci(0x1D,0x0)\Pci(0x0,0x0)\NVMe(0x1,44-54-B3-71-B6-38-25-00)\HD(2,GPT,3FF6C7E9-6186-4B63-A4FF-6DCAFF7F05A5,0xC8800,0x12C00800)\VenMedia(BE74FCF7-0B7C-49F3-9147-01F4042E6842,B356F729A0C73845ABA47B6F2F24B9EC)) ... skipped because volume is hidden
21:875  0:000      Checking volume "VM" (PciRoot(0x0)\Pci(0x1D,0x0)\Pci(0x0,0x0)\NVMe(0x1,44-54-B3-71-B6-38-25-00)\HD(2,GPT,3FF6C7E9-6186-4B63-A4FF-6DCAFF7F05A5,0xC8800,0x12C00800)\VenMedia(BE74FCF7-0B7C-49F3-9147-01F4042E6842,34B961395553164BA5C0DBCABE312D00)) ... skipped because path does not exist
21:875  0:000  Custom entry 3 FullTitle:"Windows" Path:"\EFI\Microsoft\Boot\bootmgfw.efi" Options:"-s -h" Type:7 Flags:0x0 matching Volume:"71F68EBC-8936-45B8-9AFE-B2EBE91DDF95"
21:875  0:000      Checking volume "EFI" (PciRoot(0x0)\Pci(0x17,0x0)\Sata(0x0,0x0,0x0)\HD(1,GPT,C6FBE8D0-2452-4D20-AD67-307C3BBED5DF,0x800,0x64000)) ... skipped
21:875  0:000      Checking volume "ESP" (PciRoot(0x0)\Pci(0x1D,0x0)\Pci(0x0,0x0)\NVMe(0x1,44-54-B3-71-B6-38-25-00)\HD(1,GPT,71F68EBC-8936-45B8-9AFE-B2EBE91DDF95,0x800,0xC8000)) ... match!
21:875  0:000  Custom settings: <null string>.plist will  be applied
21:876  0:000      Checking volume "Preboot" (PciRoot(0x0)\Pci(0x1D,0x0)\Pci(0x0,0x0)\NVMe(0x1,44-54-B3-71-B6-38-25-00)\HD(2,GPT,3FF6C7E9-6186-4B63-A4FF-6DCAFF7F05A5,0xC8800,0x12C00800)\VenMedia(BE74FCF7-0B7C-49F3-9147-01F4042E6842,619E215E3B160447AB93DC2C00BD06BF)) ... skipped
21:876  0:000      Checking volume "Macintosh" (PciRoot(0x0)\Pci(0x1D,0x0)\Pci(0x0,0x0)\NVMe(0x1,44-54-B3-71-B6-38-25-00)\HD(2,GPT,3FF6C7E9-6186-4B63-A4FF-6DCAFF7F05A5,0xC8800,0x12C00800)\VenMedia(BE74FCF7-0B7C-49F3-9147-01F4042E6842,DB5CD8C8D205194889525F0D3C4FDEF4)) ... skipped
21:876  0:000      Checking volume "Recovery" (PciRoot(0x0)\Pci(0x1D,0x0)\Pci(0x0,0x0)\NVMe(0x1,44-54-B3-71-B6-38-25-00)\HD(2,GPT,3FF6C7E9-6186-4B63-A4FF-6DCAFF7F05A5,0xC8800,0x12C00800)\VenMedia(BE74FCF7-0B7C-49F3-9147-01F4042E6842,B356F729A0C73845ABA47B6F2F24B9EC)) ... skipped because volume is hidden
21:876  0:000      Checking volume "VM" (PciRoot(0x0)\Pci(0x1D,0x0)\Pci(0x0,0x0)\NVMe(0x1,44-54-B3-71-B6-38-25-00)\HD(2,GPT,3FF6C7E9-6186-4B63-A4FF-6DCAFF7F05A5,0xC8800,0x12C00800)\VenMedia(BE74FCF7-0B7C-49F3-9147-01F4042E6842,34B961395553164BA5C0DBCABE312D00)) ... skipped
21:876  0:000  Entry scan disabled
21:876  0:000  === [ AddCustomTool ] =====================================
21:876  0:000  === [ GetEfiBootDeviceFromNvram ] =========================
21:876  0:000   - found entry 0. 'macOS', Volume 'Macintosh', DevicePath 'PciRoot(0x0)\Pci(0x1D,0x0)\Pci(0x0,0x0)\NVMe(0x1,44-54-B3-71-B6-38-25-00)\HD(2,GPT,3FF6C7E9-6186-4B63-A4FF-6DCAFF7F05A5,0xC8800,0x12C00800)\VenMedia(BE74FCF7-0B7C-49F3-9147-01F4042E6842,DB5CD8C8D205194889525F0D3C4FDEF4)\System\Library\CoreServices\boot.efii'
21:876  0:000  DefaultIndex=0 and MainMenu.EntryCount=6
23:765  1:889  ReinitSelfLib after theme change
23:765  0:000  reinit: self device path=PciRoot(0x0)\Pci(0x1D,0x0)\Pci(0x0,0x0)\NVMe(0x1,44-54-B3-71-B6-38-25-00)\HD(1,GPT,71F68EBC-8936-45B8-9AFE-B2EBE91DDF95,0x800,0xC8000)
23:765  0:000  === [ ScanVolumes ] =======================================
23:765  0:000  Found 12 volumes with blockIO
23:765  0:000  - [00]: Volume: PciRoot(0x0)\Pci(0x17,0x0)\Sata(0x0,0x0,0x0)
23:769  0:004  - [01]: Volume: PciRoot(0x0)\Pci(0x17,0x0)\Sata(0x0,0x0,0x0)\HD(1,GPT,C6FBE8D0-2452-4D20-AD67-307C3BBED5DF,0x800,0x64000)
23:770  0:000          Result of bootcode detection: bootable unknown (legacy)
23:770  0:000  - [02]: Volume: PciRoot(0x0)\Pci(0x17,0x0)\Sata(0x0,0x0,0x0)\HD(2,GPT,CE86B5E9-6DE8-41DC-ABAB-BCE605C94804,0x64800,0x200000)
23:770  0:000          Result of bootcode detection: bootable unknown (legacy)
23:770  0:000  - [03]: Volume: PciRoot(0x0)\Pci(0x17,0x0)\Sata(0x0,0x0,0x0)\HD(3,GPT,6A87ADC8-A581-45E6-A9D6-9CAC181857C9,0x264800,0x1DA8E800)
23:770  0:000  - [04]: Volume: PciRoot(0x0)\Pci(0x1D,0x0)\Pci(0x0,0x0)\NVMe(0x1,44-54-B3-71-B6-38-25-00)
23:770  0:000  - [05]: Volume: PciRoot(0x0)\Pci(0x1D,0x0)\Pci(0x0,0x0)\NVMe(0x1,44-54-B3-71-B6-38-25-00)\HD(1,GPT,71F68EBC-8936-45B8-9AFE-B2EBE91DDF95,0x800,0xC8000)
23:770  0:000          Result of bootcode detection: bootable Windows (vista,win)
23:770  0:000          This is SelfVolume !!
23:770  0:000  - [06]: Volume: PciRoot(0x0)\Pci(0x1D,0x0)\Pci(0x0,0x0)\NVMe(0x1,44-54-B3-71-B6-38-25-00)\HD(2,GPT,3FF6C7E9-6186-4B63-A4FF-6DCAFF7F05A5,0xC8800,0x12C00800)
23:771  0:000          Result of bootcode detection: bootable unknown (legacy)
23:771  0:000  - [07]: Volume: PciRoot(0x0)\Pci(0x1D,0x0)\Pci(0x0,0x0)\NVMe(0x1,44-54-B3-71-B6-38-25-00)\HD(3,GPT,05357361-38AE-4D23-99D2-ED4A76D80F7C,0x12CC9000,0xB02A000)
23:771  0:000          Result of bootcode detection: bootable Windows (vista,win)
23:771  0:000  - [08]: Volume: PciRoot(0x0)\Pci(0x1D,0x0)\Pci(0x0,0x0)\NVMe(0x1,44-54-B3-71-B6-38-25-00)\HD(2,GPT,3FF6C7E9-6186-4B63-A4FF-6DCAFF7F05A5,0xC8800,0x12C00800)\VenMedia(BE74FCF7-0B7C-49F3-9147-01F4042E6842,619E215E3B160447AB93DC2C00BD06BF)
23:771  0:000  - [09]: Volume: PciRoot(0x0)\Pci(0x1D,0x0)\Pci(0x0,0x0)\NVMe(0x1,44-54-B3-71-B6-38-25-00)\HD(2,GPT,3FF6C7E9-6186-4B63-A4FF-6DCAFF7F05A5,0xC8800,0x12C00800)\VenMedia(BE74FCF7-0B7C-49F3-9147-01F4042E6842,DB5CD8C8D205194889525F0D3C4FDEF4)
23:771  0:000  - [10]: Volume: PciRoot(0x0)\Pci(0x1D,0x0)\Pci(0x0,0x0)\NVMe(0x1,44-54-B3-71-B6-38-25-00)\HD(2,GPT,3FF6C7E9-6186-4B63-A4FF-6DCAFF7F05A5,0xC8800,0x12C00800)\VenMedia(BE74FCF7-0B7C-49F3-9147-01F4042E6842,B356F729A0C73845ABA47B6F2F24B9EC)
23:771  0:000  - [11]: Volume: PciRoot(0x0)\Pci(0x1D,0x0)\Pci(0x0,0x0)\NVMe(0x1,44-54-B3-71-B6-38-25-00)\HD(2,GPT,3FF6C7E9-6186-4B63-A4FF-6DCAFF7F05A5,0xC8800,0x12C00800)\VenMedia(BE74FCF7-0B7C-49F3-9147-01F4042E6842,34B961395553164BA5C0DBCABE312D00)
23:771  0:000  Chosen theme random
23:771  0:000  found boot-args in NVRAM:, size=1
23:771  0:000  after NVRAM boot-args=dart=0 -igfxbeta igfxfw=1 -igfxdvmtbeta abm_firstpolldelay=10000 arch=x86_64 npci=0x2000 -disablegfxfirmware
23:771  0:000  === [ AddCustomEntries ] ==================================
23:771  0:000  Custom entry 0 skipped because it is disabled.
23:771  0:000  Custom entry 1 FullTitle:"macOS" Path:"\System\Library\CoreServices\boot.efi" Type:1 Flags:0x2 matching Volume:"3FF6C7E9-6186-4B63-A4FF-6DCAFF7F05A5"
23:771  0:000      Checking volume "EFI" (PciRoot(0x0)\Pci(0x17,0x0)\Sata(0x0,0x0,0x0)\HD(1,GPT,C6FBE8D0-2452-4D20-AD67-307C3BBED5DF,0x800,0x64000)) ... skipped
23:771  0:000      Checking volume "ESP" (PciRoot(0x0)\Pci(0x1D,0x0)\Pci(0x0,0x0)\NVMe(0x1,44-54-B3-71-B6-38-25-00)\HD(1,GPT,71F68EBC-8936-45B8-9AFE-B2EBE91DDF95,0x800,0xC8000)) ... skipped
23:771  0:000      Checking volume "Preboot" (PciRoot(0x0)\Pci(0x1D,0x0)\Pci(0x0,0x0)\NVMe(0x1,44-54-B3-71-B6-38-25-00)\HD(2,GPT,3FF6C7E9-6186-4B63-A4FF-6DCAFF7F05A5,0xC8800,0x12C00800)\VenMedia(BE74FCF7-0B7C-49F3-9147-01F4042E6842,619E215E3B160447AB93DC2C00BD06BF)) ... skipped because path does not exist
23:772  0:000      Checking volume "Macintosh" (PciRoot(0x0)\Pci(0x1D,0x0)\Pci(0x0,0x0)\NVMe(0x1,44-54-B3-71-B6-38-25-00)\HD(2,GPT,3FF6C7E9-6186-4B63-A4FF-6DCAFF7F05A5,0xC8800,0x12C00800)\VenMedia(BE74FCF7-0B7C-49F3-9147-01F4042E6842,DB5CD8C8D205194889525F0D3C4FDEF4)) ... match!
23:773  0:001      hibernated: set as never
23:773  0:000  Custom settings: <null string>.plist will  be applied
23:774  0:000      Checking volume "Recovery" (PciRoot(0x0)\Pci(0x1D,0x0)\Pci(0x0,0x0)\NVMe(0x1,44-54-B3-71-B6-38-25-00)\HD(2,GPT,3FF6C7E9-6186-4B63-A4FF-6DCAFF7F05A5,0xC8800,0x12C00800)\VenMedia(BE74FCF7-0B7C-49F3-9147-01F4042E6842,B356F729A0C73845ABA47B6F2F24B9EC)) ... skipped because path does not exist
23:774  0:000      Checking volume "VM" (PciRoot(0x0)\Pci(0x1D,0x0)\Pci(0x0,0x0)\NVMe(0x1,44-54-B3-71-B6-38-25-00)\HD(2,GPT,3FF6C7E9-6186-4B63-A4FF-6DCAFF7F05A5,0xC8800,0x12C00800)\VenMedia(BE74FCF7-0B7C-49F3-9147-01F4042E6842,34B961395553164BA5C0DBCABE312D00)) ... skipped because path does not exist
23:774  0:000  Custom entry 2 FullTitle:"Linux" Path:"\EFI\centos\grubx64.efi" Type:4 Flags:0x0 matching Volume:"3FF6C7E9-6186-4B63-A4FF-6DCAFF7F05A5"
23:774  0:000      Checking volume "EFI" (PciRoot(0x0)\Pci(0x17,0x0)\Sata(0x0,0x0,0x0)\HD(1,GPT,C6FBE8D0-2452-4D20-AD67-307C3BBED5DF,0x800,0x64000)) ... skipped
23:774  0:000      Checking volume "ESP" (PciRoot(0x0)\Pci(0x1D,0x0)\Pci(0x0,0x0)\NVMe(0x1,44-54-B3-71-B6-38-25-00)\HD(1,GPT,71F68EBC-8936-45B8-9AFE-B2EBE91DDF95,0x800,0xC8000)) ... skipped
23:774  0:000      Checking volume "Preboot" (PciRoot(0x0)\Pci(0x1D,0x0)\Pci(0x0,0x0)\NVMe(0x1,44-54-B3-71-B6-38-25-00)\HD(2,GPT,3FF6C7E9-6186-4B63-A4FF-6DCAFF7F05A5,0xC8800,0x12C00800)\VenMedia(BE74FCF7-0B7C-49F3-9147-01F4042E6842,619E215E3B160447AB93DC2C00BD06BF)) ... skipped because path does not exist
23:774  0:000      Checking volume "Macintosh" (PciRoot(0x0)\Pci(0x1D,0x0)\Pci(0x0,0x0)\NVMe(0x1,44-54-B3-71-B6-38-25-00)\HD(2,GPT,3FF6C7E9-6186-4B63-A4FF-6DCAFF7F05A5,0xC8800,0x12C00800)\VenMedia(BE74FCF7-0B7C-49F3-9147-01F4042E6842,DB5CD8C8D205194889525F0D3C4FDEF4)) ... skipped because path does not exist
23:774  0:000      Checking volume "Recovery" (PciRoot(0x0)\Pci(0x1D,0x0)\Pci(0x0,0x0)\NVMe(0x1,44-54-B3-71-B6-38-25-00)\HD(2,GPT,3FF6C7E9-6186-4B63-A4FF-6DCAFF7F05A5,0xC8800,0x12C00800)\VenMedia(BE74FCF7-0B7C-49F3-9147-01F4042E6842,B356F729A0C73845ABA47B6F2F24B9EC)) ... skipped because path does not exist
23:774  0:000      Checking volume "VM" (PciRoot(0x0)\Pci(0x1D,0x0)\Pci(0x0,0x0)\NVMe(0x1,44-54-B3-71-B6-38-25-00)\HD(2,GPT,3FF6C7E9-6186-4B63-A4FF-6DCAFF7F05A5,0xC8800,0x12C00800)\VenMedia(BE74FCF7-0B7C-49F3-9147-01F4042E6842,34B961395553164BA5C0DBCABE312D00)) ... skipped because path does not exist
23:774  0:000  Custom entry 3 FullTitle:"Windows" Path:"\EFI\Microsoft\Boot\bootmgfw.efi" Options:"-s -h" Type:7 Flags:0x0 matching Volume:"71F68EBC-8936-45B8-9AFE-B2EBE91DDF95"
23:774  0:000      Checking volume "EFI" (PciRoot(0x0)\Pci(0x17,0x0)\Sata(0x0,0x0,0x0)\HD(1,GPT,C6FBE8D0-2452-4D20-AD67-307C3BBED5DF,0x800,0x64000)) ... skipped
23:774  0:000      Checking volume "ESP" (PciRoot(0x0)\Pci(0x1D,0x0)\Pci(0x0,0x0)\NVMe(0x1,44-54-B3-71-B6-38-25-00)\HD(1,GPT,71F68EBC-8936-45B8-9AFE-B2EBE91DDF95,0x800,0xC8000)) ... match!
23:775  0:000  Custom settings: <null string>.plist will  be applied
23:775  0:000      Checking volume "Preboot" (PciRoot(0x0)\Pci(0x1D,0x0)\Pci(0x0,0x0)\NVMe(0x1,44-54-B3-71-B6-38-25-00)\HD(2,GPT,3FF6C7E9-6186-4B63-A4FF-6DCAFF7F05A5,0xC8800,0x12C00800)\VenMedia(BE74FCF7-0B7C-49F3-9147-01F4042E6842,619E215E3B160447AB93DC2C00BD06BF)) ... skipped
23:775  0:000      Checking volume "Macintosh" (PciRoot(0x0)\Pci(0x1D,0x0)\Pci(0x0,0x0)\NVMe(0x1,44-54-B3-71-B6-38-25-00)\HD(2,GPT,3FF6C7E9-6186-4B63-A4FF-6DCAFF7F05A5,0xC8800,0x12C00800)\VenMedia(BE74FCF7-0B7C-49F3-9147-01F4042E6842,DB5CD8C8D205194889525F0D3C4FDEF4)) ... skipped
23:775  0:000      Checking volume "Recovery" (PciRoot(0x0)\Pci(0x1D,0x0)\Pci(0x0,0x0)\NVMe(0x1,44-54-B3-71-B6-38-25-00)\HD(2,GPT,3FF6C7E9-6186-4B63-A4FF-6DCAFF7F05A5,0xC8800,0x12C00800)\VenMedia(BE74FCF7-0B7C-49F3-9147-01F4042E6842,B356F729A0C73845ABA47B6F2F24B9EC)) ... skipped
23:775  0:000      Checking volume "VM" (PciRoot(0x0)\Pci(0x1D,0x0)\Pci(0x0,0x0)\NVMe(0x1,44-54-B3-71-B6-38-25-00)\HD(2,GPT,3FF6C7E9-6186-4B63-A4FF-6DCAFF7F05A5,0xC8800,0x12C00800)\VenMedia(BE74FCF7-0B7C-49F3-9147-01F4042E6842,34B961395553164BA5C0DBCABE312D00)) ... skipped
23:775  0:000  Entry scan disabled
23:775  0:000  === [ AddCustomTool ] =====================================
23:775  0:000  === [ GetEfiBootDeviceFromNvram ] =========================
23:775  0:000   - found entry 0. 'macOS', Volume 'Macintosh', DevicePath 'PciRoot(0x0)\Pci(0x1D,0x0)\Pci(0x0,0x0)\NVMe(0x1,44-54-B3-71-B6-38-25-00)\HD(2,GPT,3FF6C7E9-6186-4B63-A4FF-6DCAFF7F05A5,0xC8800,0x12C00800)\VenMedia(BE74FCF7-0B7C-49F3-9147-01F4042E6842,DB5CD8C8D205194889525F0D3C4FDEF4)\System\Library\CoreServices\boot.efii'
23:775  0:000  DefaultIndex=0 and MainMenu.EntryCount=6
24:195  0:420  ReinitSelfLib after theme change
24:195  0:000  reinit: self device path=PciRoot(0x0)\Pci(0x1D,0x0)\Pci(0x0,0x0)\NVMe(0x1,44-54-B3-71-B6-38-25-00)\HD(1,GPT,71F68EBC-8936-45B8-9AFE-B2EBE91DDF95,0x800,0xC8000)
24:195  0:000  === [ ScanVolumes ] =======================================
24:195  0:000  Found 12 volumes with blockIO
24:195  0:000  - [00]: Volume: PciRoot(0x0)\Pci(0x17,0x0)\Sata(0x0,0x0,0x0)
24:200  0:004  - [01]: Volume: PciRoot(0x0)\Pci(0x17,0x0)\Sata(0x0,0x0,0x0)\HD(1,GPT,C6FBE8D0-2452-4D20-AD67-307C3BBED5DF,0x800,0x64000)
24:200  0:000          Result of bootcode detection: bootable unknown (legacy)
24:200  0:000  - [02]: Volume: PciRoot(0x0)\Pci(0x17,0x0)\Sata(0x0,0x0,0x0)\HD(2,GPT,CE86B5E9-6DE8-41DC-ABAB-BCE605C94804,0x64800,0x200000)
24:200  0:000          Result of bootcode detection: bootable unknown (legacy)
24:200  0:000  - [03]: Volume: PciRoot(0x0)\Pci(0x17,0x0)\Sata(0x0,0x0,0x0)\HD(3,GPT,6A87ADC8-A581-45E6-A9D6-9CAC181857C9,0x264800,0x1DA8E800)
24:200  0:000  - [04]: Volume: PciRoot(0x0)\Pci(0x1D,0x0)\Pci(0x0,0x0)\NVMe(0x1,44-54-B3-71-B6-38-25-00)
24:201  0:000  - [05]: Volume: PciRoot(0x0)\Pci(0x1D,0x0)\Pci(0x0,0x0)\NVMe(0x1,44-54-B3-71-B6-38-25-00)\HD(1,GPT,71F68EBC-8936-45B8-9AFE-B2EBE91DDF95,0x800,0xC8000)
24:201  0:000          Result of bootcode detection: bootable Windows (vista,win)
24:201  0:000          This is SelfVolume !!
24:201  0:000  - [06]: Volume: PciRoot(0x0)\Pci(0x1D,0x0)\Pci(0x0,0x0)\NVMe(0x1,44-54-B3-71-B6-38-25-00)\HD(2,GPT,3FF6C7E9-6186-4B63-A4FF-6DCAFF7F05A5,0xC8800,0x12C00800)
24:201  0:000          Result of bootcode detection: bootable unknown (legacy)
24:201  0:000  - [07]: Volume: PciRoot(0x0)\Pci(0x1D,0x0)\Pci(0x0,0x0)\NVMe(0x1,44-54-B3-71-B6-38-25-00)\HD(3,GPT,05357361-38AE-4D23-99D2-ED4A76D80F7C,0x12CC9000,0xB02A000)
24:201  0:000          Result of bootcode detection: bootable Windows (vista,win)
24:201  0:000  - [08]: Volume: PciRoot(0x0)\Pci(0x1D,0x0)\Pci(0x0,0x0)\NVMe(0x1,44-54-B3-71-B6-38-25-00)\HD(2,GPT,3FF6C7E9-6186-4B63-A4FF-6DCAFF7F05A5,0xC8800,0x12C00800)\VenMedia(BE74FCF7-0B7C-49F3-9147-01F4042E6842,619E215E3B160447AB93DC2C00BD06BF)
24:201  0:000  - [09]: Volume: PciRoot(0x0)\Pci(0x1D,0x0)\Pci(0x0,0x0)\NVMe(0x1,44-54-B3-71-B6-38-25-00)\HD(2,GPT,3FF6C7E9-6186-4B63-A4FF-6DCAFF7F05A5,0xC8800,0x12C00800)\VenMedia(BE74FCF7-0B7C-49F3-9147-01F4042E6842,DB5CD8C8D205194889525F0D3C4FDEF4)
24:201  0:000  - [10]: Volume: PciRoot(0x0)\Pci(0x1D,0x0)\Pci(0x0,0x0)\NVMe(0x1,44-54-B3-71-B6-38-25-00)\HD(2,GPT,3FF6C7E9-6186-4B63-A4FF-6DCAFF7F05A5,0xC8800,0x12C00800)\VenMedia(BE74FCF7-0B7C-49F3-9147-01F4042E6842,B356F729A0C73845ABA47B6F2F24B9EC)
24:201  0:000          hiding this volume
24:201  0:000  - [11]: Volume: PciRoot(0x0)\Pci(0x1D,0x0)\Pci(0x0,0x0)\NVMe(0x1,44-54-B3-71-B6-38-25-00)\HD(2,GPT,3FF6C7E9-6186-4B63-A4FF-6DCAFF7F05A5,0xC8800,0x12C00800)\VenMedia(BE74FCF7-0B7C-49F3-9147-01F4042E6842,34B961395553164BA5C0DBCABE312D00)
24:202  0:000  Chosen theme random
24:202  0:000  found boot-args in NVRAM:, size=1
24:202  0:000  after NVRAM boot-args=dart=0 -igfxbeta igfxfw=1 -igfxdvmtbeta abm_firstpolldelay=10000 arch=x86_64 npci=0x2000 -disablegfxfirmware
24:202  0:000  === [ AddCustomEntries ] ==================================
24:202  0:000  Custom entry 0 skipped because it is disabled.
24:202  0:000  Custom entry 1 FullTitle:"macOS" Path:"\System\Library\CoreServices\boot.efi" Type:1 Flags:0x2 matching Volume:"3FF6C7E9-6186-4B63-A4FF-6DCAFF7F05A5"
24:202  0:000      Checking volume "EFI" (PciRoot(0x0)\Pci(0x17,0x0)\Sata(0x0,0x0,0x0)\HD(1,GPT,C6FBE8D0-2452-4D20-AD67-307C3BBED5DF,0x800,0x64000)) ... skipped
24:202  0:000      Checking volume "ESP" (PciRoot(0x0)\Pci(0x1D,0x0)\Pci(0x0,0x0)\NVMe(0x1,44-54-B3-71-B6-38-25-00)\HD(1,GPT,71F68EBC-8936-45B8-9AFE-B2EBE91DDF95,0x800,0xC8000)) ... skipped
24:202  0:000      Checking volume "Preboot" (PciRoot(0x0)\Pci(0x1D,0x0)\Pci(0x0,0x0)\NVMe(0x1,44-54-B3-71-B6-38-25-00)\HD(2,GPT,3FF6C7E9-6186-4B63-A4FF-6DCAFF7F05A5,0xC8800,0x12C00800)\VenMedia(BE74FCF7-0B7C-49F3-9147-01F4042E6842,619E215E3B160447AB93DC2C00BD06BF)) ... skipped because path does not exist
24:202  0:000      Checking volume "Macintosh" (PciRoot(0x0)\Pci(0x1D,0x0)\Pci(0x0,0x0)\NVMe(0x1,44-54-B3-71-B6-38-25-00)\HD(2,GPT,3FF6C7E9-6186-4B63-A4FF-6DCAFF7F05A5,0xC8800,0x12C00800)\VenMedia(BE74FCF7-0B7C-49F3-9147-01F4042E6842,DB5CD8C8D205194889525F0D3C4FDEF4)) ... match!
24:203  0:001      hibernated: set as never
24:204  0:000  Custom settings: <null string>.plist will  be applied
24:204  0:000      Checking volume "Recovery" (PciRoot(0x0)\Pci(0x1D,0x0)\Pci(0x0,0x0)\NVMe(0x1,44-54-B3-71-B6-38-25-00)\HD(2,GPT,3FF6C7E9-6186-4B63-A4FF-6DCAFF7F05A5,0xC8800,0x12C00800)\VenMedia(BE74FCF7-0B7C-49F3-9147-01F4042E6842,B356F729A0C73845ABA47B6F2F24B9EC)) ... skipped because volume is hidden
24:204  0:000      Checking volume "VM" (PciRoot(0x0)\Pci(0x1D,0x0)\Pci(0x0,0x0)\NVMe(0x1,44-54-B3-71-B6-38-25-00)\HD(2,GPT,3FF6C7E9-6186-4B63-A4FF-6DCAFF7F05A5,0xC8800,0x12C00800)\VenMedia(BE74FCF7-0B7C-49F3-9147-01F4042E6842,34B961395553164BA5C0DBCABE312D00)) ... skipped because path does not exist
24:204  0:000  Custom entry 2 FullTitle:"Linux" Path:"\EFI\centos\grubx64.efi" Type:4 Flags:0x0 matching Volume:"3FF6C7E9-6186-4B63-A4FF-6DCAFF7F05A5"
24:204  0:000      Checking volume "EFI" (PciRoot(0x0)\Pci(0x17,0x0)\Sata(0x0,0x0,0x0)\HD(1,GPT,C6FBE8D0-2452-4D20-AD67-307C3BBED5DF,0x800,0x64000)) ... skipped
24:204  0:000      Checking volume "ESP" (PciRoot(0x0)\Pci(0x1D,0x0)\Pci(0x0,0x0)\NVMe(0x1,44-54-B3-71-B6-38-25-00)\HD(1,GPT,71F68EBC-8936-45B8-9AFE-B2EBE91DDF95,0x800,0xC8000)) ... skipped
24:204  0:000      Checking volume "Preboot" (PciRoot(0x0)\Pci(0x1D,0x0)\Pci(0x0,0x0)\NVMe(0x1,44-54-B3-71-B6-38-25-00)\HD(2,GPT,3FF6C7E9-6186-4B63-A4FF-6DCAFF7F05A5,0xC8800,0x12C00800)\VenMedia(BE74FCF7-0B7C-49F3-9147-01F4042E6842,619E215E3B160447AB93DC2C00BD06BF)) ... skipped because path does not exist
24:204  0:000      Checking volume "Macintosh" (PciRoot(0x0)\Pci(0x1D,0x0)\Pci(0x0,0x0)\NVMe(0x1,44-54-B3-71-B6-38-25-00)\HD(2,GPT,3FF6C7E9-6186-4B63-A4FF-6DCAFF7F05A5,0xC8800,0x12C00800)\VenMedia(BE74FCF7-0B7C-49F3-9147-01F4042E6842,DB5CD8C8D205194889525F0D3C4FDEF4)) ... skipped because path does not exist
24:204  0:000      Checking volume "Recovery" (PciRoot(0x0)\Pci(0x1D,0x0)\Pci(0x0,0x0)\NVMe(0x1,44-54-B3-71-B6-38-25-00)\HD(2,GPT,3FF6C7E9-6186-4B63-A4FF-6DCAFF7F05A5,0xC8800,0x12C00800)\VenMedia(BE74FCF7-0B7C-49F3-9147-01F4042E6842,B356F729A0C73845ABA47B6F2F24B9EC)) ... skipped because volume is hidden
24:204  0:000      Checking volume "VM" (PciRoot(0x0)\Pci(0x1D,0x0)\Pci(0x0,0x0)\NVMe(0x1,44-54-B3-71-B6-38-25-00)\HD(2,GPT,3FF6C7E9-6186-4B63-A4FF-6DCAFF7F05A5,0xC8800,0x12C00800)\VenMedia(BE74FCF7-0B7C-49F3-9147-01F4042E6842,34B961395553164BA5C0DBCABE312D00)) ... skipped because path does not exist
24:204  0:000  Custom entry 3 FullTitle:"Windows" Path:"\EFI\Microsoft\Boot\bootmgfw.efi" Options:"-s -h" Type:7 Flags:0x0 matching Volume:"71F68EBC-8936-45B8-9AFE-B2EBE91DDF95"
24:204  0:000      Checking volume "EFI" (PciRoot(0x0)\Pci(0x17,0x0)\Sata(0x0,0x0,0x0)\HD(1,GPT,C6FBE8D0-2452-4D20-AD67-307C3BBED5DF,0x800,0x64000)) ... skipped
24:204  0:000      Checking volume "ESP" (PciRoot(0x0)\Pci(0x1D,0x0)\Pci(0x0,0x0)\NVMe(0x1,44-54-B3-71-B6-38-25-00)\HD(1,GPT,71F68EBC-8936-45B8-9AFE-B2EBE91DDF95,0x800,0xC8000)) ... match!
24:205  0:000  Custom settings: <null string>.plist will  be applied
24:205  0:000      Checking volume "Preboot" (PciRoot(0x0)\Pci(0x1D,0x0)\Pci(0x0,0x0)\NVMe(0x1,44-54-B3-71-B6-38-25-00)\HD(2,GPT,3FF6C7E9-6186-4B63-A4FF-6DCAFF7F05A5,0xC8800,0x12C00800)\VenMedia(BE74FCF7-0B7C-49F3-9147-01F4042E6842,619E215E3B160447AB93DC2C00BD06BF)) ... skipped
24:205  0:000      Checking volume "Macintosh" (PciRoot(0x0)\Pci(0x1D,0x0)\Pci(0x0,0x0)\NVMe(0x1,44-54-B3-71-B6-38-25-00)\HD(2,GPT,3FF6C7E9-6186-4B63-A4FF-6DCAFF7F05A5,0xC8800,0x12C00800)\VenMedia(BE74FCF7-0B7C-49F3-9147-01F4042E6842,DB5CD8C8D205194889525F0D3C4FDEF4)) ... skipped
24:205  0:000      Checking volume "Recovery" (PciRoot(0x0)\Pci(0x1D,0x0)\Pci(0x0,0x0)\NVMe(0x1,44-54-B3-71-B6-38-25-00)\HD(2,GPT,3FF6C7E9-6186-4B63-A4FF-6DCAFF7F05A5,0xC8800,0x12C00800)\VenMedia(BE74FCF7-0B7C-49F3-9147-01F4042E6842,B356F729A0C73845ABA47B6F2F24B9EC)) ... skipped because volume is hidden
24:205  0:000      Checking volume "VM" (PciRoot(0x0)\Pci(0x1D,0x0)\Pci(0x0,0x0)\NVMe(0x1,44-54-B3-71-B6-38-25-00)\HD(2,GPT,3FF6C7E9-6186-4B63-A4FF-6DCAFF7F05A5,0xC8800,0x12C00800)\VenMedia(BE74FCF7-0B7C-49F3-9147-01F4042E6842,34B961395553164BA5C0DBCABE312D00)) ... skipped
24:205  0:000  Entry scan disabled
24:205  0:000  === [ AddCustomTool ] =====================================
24:205  0:000  === [ GetEfiBootDeviceFromNvram ] =========================
24:205  0:000   - found entry 0. 'macOS', Volume 'Macintosh', DevicePath 'PciRoot(0x0)\Pci(0x1D,0x0)\Pci(0x0,0x0)\NVMe(0x1,44-54-B3-71-B6-38-25-00)\HD(2,GPT,3FF6C7E9-6186-4B63-A4FF-6DCAFF7F05A5,0xC8800,0x12C00800)\VenMedia(BE74FCF7-0B7C-49F3-9147-01F4042E6842,DB5CD8C8D205194889525F0D3C4FDEF4)\System\Library\CoreServices\boot.efii'
24:205  0:000  DefaultIndex=0 and MainMenu.EntryCount=6
